<?xml version="1.0" encoding="UTF-8"?>
<testsuite xmlns:xsi="http://www.w3.org/2001/XMLSchema-instance" xsi:noNamespaceSchemaLocation="https://maven.apache.org/surefire/maven-surefire-plugin/xsd/surefire-test-report-3.0.xsd" version="3.0" name="com.mycompany.prog56121part1.PROG56121PART1Test" time="0.06" tests="14" errors="0" skipped="0" failures="0">
  <properties>
[...]
</properties>
  <testcase name="testReturnLoginStatus" classname="com.mycompany.prog56121part1.PROG56121PART1Test" time="0.019"/>
  <testcase name="testRegisterThenLoginIntegration" classname="com.mycompany.prog56121part1.PROG56121PART1Test" time="0.001"/>
  <testcase name="testLoginUser_CaseSensitive" classname="com.mycompany.prog56121part1.PROG56121PART1Test" time="0.001"/>
  <testcase name="testCheckPasswordComplexity_BoundaryAndEdgeCases" classname="com.mycompany.prog56121part1.PROG56121PART1Test" time="0.0"/>
  <testcase name="testLoginUser" classname="com.mycompany.prog56121part1.PROG56121PART1Test" time="0.0"/>
  <testcase name="testRegisterUser" classname="com.mycompany.prog56121part1.PROG56121PART1Test" time="0.001"/>
  <testcase name="testCheckPasswordComplexity" classname="com.mycompany.prog56121part1.PROG56121PART1Test" time="0.001"/>
  <testcase name="testCheckUserName" classname="com.mycompany.prog56121part1.PROG56121PART1Test" time="0.001"/>
  <testcase name="testLoginFailed" classname="com.mycompany.prog56121part1.PROG56121PART1Test" time="0.001"/>
  <testcase name="testCheckUserName_BoundaryAndEdgeCases" classname="com.mycompany.prog56121part1.PROG56121PART1Test" time="0.001"/>
  <testcase name="testLoginSuccessful" classname="com.mycompany.prog56121part1.PROG56121PART1Test" time="0.001"/>
  <testcase name="testCheckCellPhoneNumber_BoundaryAndEdgeCases" classname="com.mycompany.prog56121part1.PROG56121PART1Test" time="0.001"/>
  <testcase name="testRegisterUser_BothInvalid_UsernameErrorTakesPriority" classname="com.mycompany.prog56121part1.PROG56121PART1Test" time="0.001"/>
  <testcase name="testCheckCellPhoneNumber" classname="com.mycompany.prog56121part1.PROG56121PART1Test" time="0.0"/>
</testsuite>